<?xml version="1.0" encoding="UTF-8"?>
<testsuite xmlns:xsi="http://www.w3.org/2001/XMLSchema-instance" xsi:noNamespaceSchemaLocation="https://maven.apache.org/surefire/maven-surefire-plugin/xsd/surefire-test-report.xsd" version="3.0.1" name="com.example.order_management.dao.OrderDaoImplTest" time="5.435" tests="8" errors="0" skipped="0" failures="0">
  <properties>
[...]
</properties>
  <testcase name="addOrder_positive_returnsListWithInsertedOrder" classname="com.example.order_management.dao.OrderDaoImplTest" time="1.07"/>
  <testcase name="addOrder_negative_invalidCustomerName_throwsIAE" classname="com.example.order_management.dao.OrderDaoImplTest" time="0.463"/>
  <testcase name="updateOrderById_positive_existingIdReturnsUpdatedOrder" classname="com.example.order_management.dao.OrderDaoImplTest" time="0.635"/>
  <testcase name="updateOrderById_negative_nonexistentIdReturnsEmptyList" classname="com.example.order_management.dao.OrderDaoImplTest" time="0.526"/>
  <testcase name="deleteOrderById_positive_existingIdReturnsDeletedOrder" classname="com.example.order_management.dao.OrderDaoImplTest" time="0.672"/>
  <testcase name="deleteOrderById_negative_nonexistentIdReturnsEmptyList" classname="com.example.order_management.dao.OrderDaoImplTest" time="0.517"/>
  <testcase name="getAllOrders_positive_returnsAllRows" classname="com.example.order_management.dao.OrderDaoImplTest" time="0.497"/>
  <testcase name="getAllOrders_negative_emptyTable_returnsEmptyList" classname="com.example.order_management.dao.OrderDaoImplTest" time="0.547"/>
</testsuite>